<?xml version="1.0" encoding="UTF-8"?><testsuite errors="0" failures="30" name="com.gorest.crudtests.CreateUserDataDrivenTest" skipped="0" tests="30" time="180.31" timestamp="2023-01-10T17:24:44.934Z[Europe/London]"><testcase classname="com.gorest.crudtests.CreateUserDataDrivenTest" name="Data driven test for create multiple users to the application"><failure message="1 expectation failed.&#10;Expected status code &lt;201&gt; but was &lt;422&gt;.&#10;" type="java.lang.AssertionError">1 expectation failed.
Expected status code &lt;201&gt; but was &lt;422&gt;.
</failure><system-err>1 expectation failed.
Expected status code &lt;201&gt; but was &lt;422&gt;.
&#13;
io.restassured.internal.ResponseSpecificationImpl.validateResponseIfRequired(ResponseSpecificationImpl.groovy:636)&#13;
io.restassured.internal.ResponseSpecificationImpl.statusCode(ResponseSpecificationImpl.groovy:122)&#13;
io.restassured.internal.ResponseSpecificationImpl.statusCode(ResponseSpecificationImpl.groovy:130)&#13;
io.restassured.internal.ValidatableResponseOptionsImpl.statusCode(ValidatableResponseOptionsImpl.java:117)&#13;
com.gorest.crudtests.CreateUserDataDrivenTest.createUser(CreateUserDataDrivenTest.java:30)&#13;
</system-err></testcase></testsuite>